<?xml version="1.0" encoding="UTF-8"?>
<!-- Generated by org.testng.reporters.JUnitReportReporter -->
<testsuite hostname="DESKTOP-3LQC5PV" failures="0" tests="1" name="testCases.TC_002_LoginTest" time="3.640" errors="0" timestamp="2023-05-09T18:11:58 IST" skipped="0">
  <testcase classname="testCases.TC_002_LoginTest" name="test_Login" time="3.640"/>
  <system-out/>
</testsuite> <!-- testCases.TC_002_LoginTest -->
